c:\users\a\source\repos\atlas\atlas\x64\debug\vc142.pdb
c:\users\a\source\repos\atlas\atlas\x64\debug\vc142.idb
c:\users\a\source\repos\atlas\atlas\x64\debug\mainfrm.obj
c:\users\a\source\repos\atlas\atlas\x64\debug\childview.obj
c:\users\a\source\repos\atlas\atlas\x64\debug\atlaslist.obj
c:\users\a\source\repos\atlas\atlas\x64\debug\atlas.pch
c:\users\a\source\repos\atlas\atlas\x64\debug\pch.obj
c:\users\a\source\repos\atlas\atlas\x64\debug\atlas.obj
c:\users\a\source\repos\atlas\atlas\x64\debug\atlas.res
c:\users\a\source\repos\atlas\atlas\output\atlas.pdb
c:\users\a\source\repos\atlas\atlas\x64\debug\atlas.tlog\cl.command.1.tlog
c:\users\a\source\repos\atlas\atlas\x64\debug\atlas.tlog\cl.read.1.tlog
c:\users\a\source\repos\atlas\atlas\x64\debug\atlas.tlog\cl.write.1.tlog
c:\users\a\source\repos\atlas\atlas\x64\debug\atlas.tlog\link-cvtres.read.1.tlog
c:\users\a\source\repos\atlas\atlas\x64\debug\atlas.tlog\link-cvtres.write.1.tlog
c:\users\a\source\repos\atlas\atlas\x64\debug\atlas.tlog\link-mt.read.1.tlog
c:\users\a\source\repos\atlas\atlas\x64\debug\atlas.tlog\link-mt.write.1.tlog
c:\users\a\source\repos\atlas\atlas\x64\debug\atlas.tlog\link-rc.read.1.tlog
c:\users\a\source\repos\atlas\atlas\x64\debug\atlas.tlog\link-rc.write.1.tlog
c:\users\a\source\repos\atlas\atlas\x64\debug\atlas.tlog\link.command.1.tlog
c:\users\a\source\repos\atlas\atlas\x64\debug\atlas.tlog\link.read.1.tlog
c:\users\a\source\repos\atlas\atlas\x64\debug\atlas.tlog\link.write.1.tlog
c:\users\a\source\repos\atlas\atlas\x64\debug\atlas.tlog\rc.command.1.tlog
c:\users\a\source\repos\atlas\atlas\x64\debug\atlas.tlog\rc.read.1.tlog
c:\users\a\source\repos\atlas\atlas\x64\debug\atlas.tlog\rc.write.1.tlog
